<?xml version="1.0" encoding="UTF-8"?>
<!-- Generated by org.testng.reporters.JUnitXMLReporter -->
<testsuite hostname="ICPL11500" ignored="1" name="BDD Test" tests="1" failures="0" timestamp="17 Jan 2018 10:07:41 GMT" time="0.693" errors="0">
  <testcase name="Flipkart Product details verification" time="0.603" classname="com.qmetry.qaf.automation.step.client.DataDrivenScenario">
    <skipped/>
  </testcase> <!-- Flipkart Product details verification -->
  <testcase name="Flipkart Product details verification" time="0.0" classname="com.qmetry.qaf.automation.step.client.DataDrivenScenario">
    <ignored/>
  </testcase> <!-- Flipkart Product details verification -->
</testsuite> <!-- BDD Test -->
