<?xml version="1.0" encoding="UTF-8"?>
<testng-results skipped="0" failed="0" ignored="0" total="1" passed="1">
  <reporter-output>
    <line>
      <![CDATA[<div style="display:block;margin-left:10px;"><div  class="pass"><span class="pass-label">P </span>Flipkart Home Page verification
Expected: a string containing "Online Shopping Site for Mobiles, Fashion, Books, Electronics, Home Appliances and More"
     Actual: was "Online Shopping Site for Mobiles, Fashion, Books, Electronics, Home Appliances and More" <a href="../img/verifyOrder_kwh3wp4gqjcl16341.png" target="_blank">[View Screenshot]</a> </div><div  class="pass"><span class="pass-label">P </span>Verify SamrtBands Page
Expected: a string containing "Smart Band - Buy Products Online at Best Price in India | Flipkart.com"
     Actual: was "Smart Band - Buy Products Online at Best Price in India | Flipkart.com" <a href="../img/verifyOrder_wlkqygcnkpn216342.png" target="_blank">[View Screenshot]</a> </div><div  class="pass"><span class="pass-label">P </span>
Expected: a value greater than &lt;0&gt;
     Actual: &lt;2&gt; was greater than &lt;0&gt; <a href="../img/verifyOrder_1f7aru8w61cdr16343.png" target="_blank">[View Screenshot]</a> </div><div  class="pass"><span class="pass-label">P </span>
Expected: a string containing "Mi Band - HRX Edition"
     Actual: was "Mi Band - HRX Edition  (Black)" <a href="../img/verifyOrder_pd7jipxcrrks16344.png" target="_blank">[View Screenshot]</a> </div><div  class="pass"><span class="pass-label">P </span>
Expected: a string containing "₹1,299"
     Actual: was "₹1,299" <a href="../img/verifyOrder_4vrhys06bhpv16345.png" target="_blank">[View Screenshot]</a> </div><div  class="pass"><span class="pass-label">P </span>
Expected: a value greater than &lt;0&gt;
     Actual: &lt;1&gt; was greater than &lt;0&gt; <a href="../img/verifyOrder_cn5etgbccqcp16346.png" target="_blank">[View Screenshot]</a> </div><div  class="pass"><span class="pass-label">P </span>
Expected: a string containing "Mi Band - HRX Edition"
     Actual: was "Mi Band - HRX Edition" <a href="../img/verifyOrder_kxwuy9juac8t16347.png" target="_blank">[View Screenshot]</a> </div><div  class="pass"><span class="pass-label">P </span>
Expected: a string containing "₹1,299"
     Actual: was "₹1,299" <a href="../img/verifyOrder_6wkl0chqrwmy16348.png" target="_blank">[View Screenshot]</a> </div></div>]]>
    </line>
  </reporter-output>
  <suite name="Suite" duration-ms="25415" started-at="2018-01-17T10:14:24Z" finished-at="2018-01-17T10:14:49Z">
    <groups>
    </groups>
    <test name="Test" duration-ms="25415" started-at="2018-01-17T10:14:24Z" finished-at="2018-01-17T10:14:49Z">
      <class name="com.testflipkart.scripts.FlipKartOrderVerificationTestPage">
        <test-method status="PASS" signature="verifyOrder()[pri:0, instance:com.testflipkart.scripts.FlipKartOrderVerificationTestPage@4f9a3314]" name="verifyOrder" duration-ms="25366" started-at="2018-01-17T15:44:24Z" finished-at="2018-01-17T15:44:49Z">
          <reporter-output>
            <line>
              <![CDATA[<div style="display:block;margin-left:10px;"><div  class="pass"><span class="pass-label">P </span>Flipkart Home Page verification
Expected: a string containing "Online Shopping Site for Mobiles, Fashion, Books, Electronics, Home Appliances and More"
     Actual: was "Online Shopping Site for Mobiles, Fashion, Books, Electronics, Home Appliances and More" <a href="../img/verifyOrder_kwh3wp4gqjcl16341.png" target="_blank">[View Screenshot]</a> </div><div  class="pass"><span class="pass-label">P </span>Verify SamrtBands Page
Expected: a string containing "Smart Band - Buy Products Online at Best Price in India | Flipkart.com"
     Actual: was "Smart Band - Buy Products Online at Best Price in India | Flipkart.com" <a href="../img/verifyOrder_wlkqygcnkpn216342.png" target="_blank">[View Screenshot]</a> </div><div  class="pass"><span class="pass-label">P </span>
Expected: a value greater than &lt;0&gt;
     Actual: &lt;2&gt; was greater than &lt;0&gt; <a href="../img/verifyOrder_1f7aru8w61cdr16343.png" target="_blank">[View Screenshot]</a> </div><div  class="pass"><span class="pass-label">P </span>
Expected: a string containing "Mi Band - HRX Edition"
     Actual: was "Mi Band - HRX Edition  (Black)" <a href="../img/verifyOrder_pd7jipxcrrks16344.png" target="_blank">[View Screenshot]</a> </div><div  class="pass"><span class="pass-label">P </span>
Expected: a string containing "₹1,299"
     Actual: was "₹1,299" <a href="../img/verifyOrder_4vrhys06bhpv16345.png" target="_blank">[View Screenshot]</a> </div><div  class="pass"><span class="pass-label">P </span>
Expected: a value greater than &lt;0&gt;
     Actual: &lt;1&gt; was greater than &lt;0&gt; <a href="../img/verifyOrder_cn5etgbccqcp16346.png" target="_blank">[View Screenshot]</a> </div><div  class="pass"><span class="pass-label">P </span>
Expected: a string containing "Mi Band - HRX Edition"
     Actual: was "Mi Band - HRX Edition" <a href="../img/verifyOrder_kxwuy9juac8t16347.png" target="_blank">[View Screenshot]</a> </div><div  class="pass"><span class="pass-label">P </span>
Expected: a string containing "₹1,299"
     Actual: was "₹1,299" <a href="../img/verifyOrder_6wkl0chqrwmy16348.png" target="_blank">[View Screenshot]</a> </div></div>]]>
            </line>
          </reporter-output>
        </test-method> <!-- verifyOrder -->
      </class> <!-- com.testflipkart.scripts.FlipKartOrderVerificationTestPage -->
    </test> <!-- Test -->
  </suite> <!-- Suite -->
</testng-results>
