<?xml version="1.0" encoding="UTF-8"?>
<testng-results skipped="0" failed="0" ignored="0" total="2" passed="2">
  <reporter-output>
    <line>
      <![CDATA[<div style="display:block;margin-left:10px;"><div  class="pass"><span class="pass-label">P </span>Flipkart Home Page verificationExpected: a string containing "Online Shopping Site for Mobiles, Fashion, Books, Electronics, Home Appliances and More"     Actual: was "Online Shopping Site for Mobiles, Fashion, Books, Electronics, Home Appliances and More" <a href="../img/verifyOrder_1rbwsagiz9xjn23236.png" target="_blank">[View Screenshot]</a> </div><div  class="pass"><span class="pass-label">P </span>Verify SamrtBands PageExpected: a string containing "Smart Band - Buy Products Online at Best Price in India | Flipkart.com"     Actual: was "Smart Band - Buy Products Online at Best Price in India | Flipkart.com" <a href="../img/verifyOrder_k9ehmfeplsqu23237.png" target="_blank">[View Screenshot]</a> </div><div  class="pass"><span class="pass-label">P </span>Expected: a value greater than &lt;0&gt;     Actual: &lt;2&gt; was greater than &lt;0&gt; <a href="../img/verifyOrder_1bdwtxp6oz1ko23238.png" target="_blank">[View Screenshot]</a> </div><div  class="pass"><span class="pass-label">P </span>Expected: a string containing "Mi Band - HRX Edition"     Actual: was "Mi Band - HRX Edition  (Black)" <a href="../img/verifyOrder_9yiy8yuaibsf23239.png" target="_blank">[View Screenshot]</a> </div><div  class="pass"><span class="pass-label">P </span>Expected: a string containing "₹1,299"     Actual: was "₹1,299" <a href="../img/verifyOrder_5wya0fhairnf23240.png" target="_blank">[View Screenshot]</a> </div><div  class="pass"><span class="pass-label">P </span>Expected: a value greater than &lt;0&gt;     Actual: &lt;1&gt; was greater than &lt;0&gt; <a href="../img/verifyOrder_2kyzfs8r88xk23241.png" target="_blank">[View Screenshot]</a> </div><div  class="pass"><span class="pass-label">P </span>Expected: a string containing "Mi Band - HRX Edition"     Actual: was "Mi Band - HRX Edition" <a href="../img/verifyOrder_1xt32y4ejqxua23242.png" target="_blank">[View Screenshot]</a> </div><div  class="pass"><span class="pass-label">P </span>Expected: a string containing "₹1,299"     Actual: was "₹1,299" <a href="../img/verifyOrder_jk6q71mjmjoa23243.png" target="_blank">[View Screenshot]</a> </div></div>]]>
    </line>
    <line>
      <![CDATA[<div style="display:block;margin-left:10px;"><div  class="pass"><span class="pass-label">P </span>Flipkart Home Page verificationExpected: a string containing "Online Shopping Site for Mobiles, Fashion, Books, Electronics, Home Appliances and More"     Actual: was "Online Shopping Site for Mobiles, Fashion, Books, Electronics, Home Appliances and More" <a href="../img/verifyOrder_137tgoi4a4rah23244.png" target="_blank">[View Screenshot]</a> </div><div  class="pass"><span class="pass-label">P </span>Verify SamrtBands PageExpected: a string containing "Smart Band - Buy Products Online at Best Price in India | Flipkart.com"     Actual: was "Smart Band - Buy Products Online at Best Price in India | Flipkart.com" <a href="../img/verifyOrder_qil5ynm12wq823245.png" target="_blank">[View Screenshot]</a> </div><div  class="pass"><span class="pass-label">P </span>Expected: a value greater than &lt;0&gt;     Actual: &lt;2&gt; was greater than &lt;0&gt; <a href="../img/verifyOrder_wog6ukhkvq1523246.png" target="_blank">[View Screenshot]</a> </div><div  class="pass"><span class="pass-label">P </span>Expected: a string containing "Mi Band - HRX Edition"     Actual: was "Mi Band - HRX Edition  (Black)" <a href="../img/verifyOrder_6qhsytap5vu623247.png" target="_blank">[View Screenshot]</a> </div><div  class="pass"><span class="pass-label">P </span>Expected: a string containing "₹1,299"     Actual: was "₹1,299" <a href="../img/verifyOrder_1dyyx0l4bleaf23248.png" target="_blank">[View Screenshot]</a> </div><div  class="pass"><span class="pass-label">P </span>Expected: a value greater than &lt;0&gt;     Actual: &lt;1&gt; was greater than &lt;0&gt; <a href="../img/verifyOrder_7tgv0rpg4utl23249.png" target="_blank">[View Screenshot]</a> </div><div  class="pass"><span class="pass-label">P </span>Expected: a string containing "Mi Band - HRX Edition"     Actual: was "Mi Band - HRX Edition" <a href="../img/verifyOrder_di9iozmwk1pk23250.png" target="_blank">[View Screenshot]</a> </div><div  class="pass"><span class="pass-label">P </span>Expected: a string containing "₹1,299"     Actual: was "₹1,299" <a href="../img/verifyOrder_ftcz6bi6tca723251.png" target="_blank">[View Screenshot]</a> </div></div>]]>
    </line>
  </reporter-output>
  <suite name="Suite" duration-ms="38825" started-at="2018-01-18T05:29:32Z" finished-at="2018-01-18T05:30:11Z">
    <groups>
    </groups>
    <test name="Test" duration-ms="23003" started-at="2018-01-18T05:29:32Z" finished-at="2018-01-18T05:29:55Z">
      <class name="com.testflipkart.scripts.FlipKartOrderVerificationTestPage">
        <test-method status="PASS" signature="verifyOrder()[pri:0, instance:com.testflipkart.scripts.FlipKartOrderVerificationTestPage@48fa0f47]" name="verifyOrder" duration-ms="22939" started-at="2018-01-18T10:59:32Z" finished-at="2018-01-18T10:59:55Z">
          <reporter-output>
            <line>
              <![CDATA[<div style="display:block;margin-left:10px;"><div  class="pass"><span class="pass-label">P </span>Flipkart Home Page verificationExpected: a string containing "Online Shopping Site for Mobiles, Fashion, Books, Electronics, Home Appliances and More"     Actual: was "Online Shopping Site for Mobiles, Fashion, Books, Electronics, Home Appliances and More" <a href="../img/verifyOrder_1rbwsagiz9xjn23236.png" target="_blank">[View Screenshot]</a> </div><div  class="pass"><span class="pass-label">P </span>Verify SamrtBands PageExpected: a string containing "Smart Band - Buy Products Online at Best Price in India | Flipkart.com"     Actual: was "Smart Band - Buy Products Online at Best Price in India | Flipkart.com" <a href="../img/verifyOrder_k9ehmfeplsqu23237.png" target="_blank">[View Screenshot]</a> </div><div  class="pass"><span class="pass-label">P </span>Expected: a value greater than &lt;0&gt;     Actual: &lt;2&gt; was greater than &lt;0&gt; <a href="../img/verifyOrder_1bdwtxp6oz1ko23238.png" target="_blank">[View Screenshot]</a> </div><div  class="pass"><span class="pass-label">P </span>Expected: a string containing "Mi Band - HRX Edition"     Actual: was "Mi Band - HRX Edition  (Black)" <a href="../img/verifyOrder_9yiy8yuaibsf23239.png" target="_blank">[View Screenshot]</a> </div><div  class="pass"><span class="pass-label">P </span>Expected: a string containing "₹1,299"     Actual: was "₹1,299" <a href="../img/verifyOrder_5wya0fhairnf23240.png" target="_blank">[View Screenshot]</a> </div><div  class="pass"><span class="pass-label">P </span>Expected: a value greater than &lt;0&gt;     Actual: &lt;1&gt; was greater than &lt;0&gt; <a href="../img/verifyOrder_2kyzfs8r88xk23241.png" target="_blank">[View Screenshot]</a> </div><div  class="pass"><span class="pass-label">P </span>Expected: a string containing "Mi Band - HRX Edition"     Actual: was "Mi Band - HRX Edition" <a href="../img/verifyOrder_1xt32y4ejqxua23242.png" target="_blank">[View Screenshot]</a> </div><div  class="pass"><span class="pass-label">P </span>Expected: a string containing "₹1,299"     Actual: was "₹1,299" <a href="../img/verifyOrder_jk6q71mjmjoa23243.png" target="_blank">[View Screenshot]</a> </div></div>]]>
            </line>
          </reporter-output>
        </test-method> <!-- verifyOrder -->
      </class> <!-- com.testflipkart.scripts.FlipKartOrderVerificationTestPage -->
    </test> <!-- Test -->
    <test name="Test1" duration-ms="15780" started-at="2018-01-18T05:29:55Z" finished-at="2018-01-18T05:30:11Z">
      <class name="com.testflipkart.scripts.FlipKartOrderVerificationTestPage">
        <test-method status="PASS" signature="verifyOrder()[pri:0, instance:com.testflipkart.scripts.FlipKartOrderVerificationTestPage@7f552bd3]" name="verifyOrder" duration-ms="15752" started-at="2018-01-18T10:59:55Z" finished-at="2018-01-18T11:00:11Z">
          <reporter-output>
            <line>
              <![CDATA[<div style="display:block;margin-left:10px;"><div  class="pass"><span class="pass-label">P </span>Flipkart Home Page verificationExpected: a string containing "Online Shopping Site for Mobiles, Fashion, Books, Electronics, Home Appliances and More"     Actual: was "Online Shopping Site for Mobiles, Fashion, Books, Electronics, Home Appliances and More" <a href="../img/verifyOrder_137tgoi4a4rah23244.png" target="_blank">[View Screenshot]</a> </div><div  class="pass"><span class="pass-label">P </span>Verify SamrtBands PageExpected: a string containing "Smart Band - Buy Products Online at Best Price in India | Flipkart.com"     Actual: was "Smart Band - Buy Products Online at Best Price in India | Flipkart.com" <a href="../img/verifyOrder_qil5ynm12wq823245.png" target="_blank">[View Screenshot]</a> </div><div  class="pass"><span class="pass-label">P </span>Expected: a value greater than &lt;0&gt;     Actual: &lt;2&gt; was greater than &lt;0&gt; <a href="../img/verifyOrder_wog6ukhkvq1523246.png" target="_blank">[View Screenshot]</a> </div><div  class="pass"><span class="pass-label">P </span>Expected: a string containing "Mi Band - HRX Edition"     Actual: was "Mi Band - HRX Edition  (Black)" <a href="../img/verifyOrder_6qhsytap5vu623247.png" target="_blank">[View Screenshot]</a> </div><div  class="pass"><span class="pass-label">P </span>Expected: a string containing "₹1,299"     Actual: was "₹1,299" <a href="../img/verifyOrder_1dyyx0l4bleaf23248.png" target="_blank">[View Screenshot]</a> </div><div  class="pass"><span class="pass-label">P </span>Expected: a value greater than &lt;0&gt;     Actual: &lt;1&gt; was greater than &lt;0&gt; <a href="../img/verifyOrder_7tgv0rpg4utl23249.png" target="_blank">[View Screenshot]</a> </div><div  class="pass"><span class="pass-label">P </span>Expected: a string containing "Mi Band - HRX Edition"     Actual: was "Mi Band - HRX Edition" <a href="../img/verifyOrder_di9iozmwk1pk23250.png" target="_blank">[View Screenshot]</a> </div><div  class="pass"><span class="pass-label">P </span>Expected: a string containing "₹1,299"     Actual: was "₹1,299" <a href="../img/verifyOrder_ftcz6bi6tca723251.png" target="_blank">[View Screenshot]</a> </div></div>]]>
            </line>
          </reporter-output>
        </test-method> <!-- verifyOrder -->
      </class> <!-- com.testflipkart.scripts.FlipKartOrderVerificationTestPage -->
    </test> <!-- Test1 -->
  </suite> <!-- Suite -->
</testng-results>
