<?xml version="1.0" encoding="UTF-8"?>
<!-- Generated by org.testng.reporters.JUnitXMLReporter -->
<testsuite hostname="ICPL11500" ignored="1" name="BDD Test in chrome" tests="1" failures="0" timestamp="17 Jan 2018 10:06:55 GMT" time="0.595" errors="0">
  <testcase name="Flipkart Product details verification" time="0.527" classname="com.qmetry.qaf.automation.step.client.DataDrivenScenario">
    <skipped/>
  </testcase> <!-- Flipkart Product details verification -->
  <testcase name="Flipkart Product details verification" time="0.0" classname="com.qmetry.qaf.automation.step.client.DataDrivenScenario">
    <ignored/>
  </testcase> <!-- Flipkart Product details verification -->
</testsuite> <!-- BDD Test in chrome -->
